2024-05-26T11:17:31.279Z: <#> Dear Customer, your MTN MoMo application one-time password is :2476.MTN MoMo does not recommend that you share or expose your one-time password with anyone. Be Vigilant. RdbS6eMOXvx N/RywfrtIZL>.

2024-05-26T11:22:16.056Z: <#> Dear Customer, your MTN MoMo application one-time password is :2527.MTN MoMo does not recommend that you share or expose your one-time password with anyone. Be Vigilant. RdbS6eMOXvx N/RywfrtIZL>.

2024-05-26T11:28:18.035Z: <#> Dear Customer, your MTN MoMo application one-time password is :2900.MTN MoMo does not recommend that you share or expose your one-time password with anyone. Be Vigilant. RdbS6eMOXvx N/RywfrtIZL>.

2024-05-26T12:50:17.032Z: <#> Dear Customer, your MTN MoMo application one-time password is :9591.MTN MoMo does not recommend that you share or expose your one-time password with anyone. Be Vigilant. RdbS6eMOXvx N/RywfrtIZL>.

2024-05-26T15:17:18.930Z: <#> Dear Customer, your MTN MoMo application one-time password is :4666.MTN MoMo does not recommend that you share or expose your one-time password with anyone. Be Vigilant. RdbS6eMOXvx N/RywfrtIZL>.

2024-05-27T16:40:02.847Z: <#> Dear Customer, your MTN MoMo application one-time password is :0086.MTN MoMo does not recommend that you share or expose your one-time password with anyone. Be Vigilant. RdbS6eMOXvx N/RywfrtIZL>.

2024-06-11T04:26:18.824Z: Yello!Umaze kugura 2000Rwf(1GB)/30days igura 2,000 RWF

2024-06-19T16:15:59.574Z: Yello!Umaze kugura 2,000FRW(2GB) igura 2,000 RWF

2024-06-28T16:00:51.961Z: Yello!Umaze kugura 2,000FRW(2GB) igura 2,000 RWF

2024-07-04T12:03:05.182Z: Yello!Umaze kugura 500FRW(800MB) igura 500 RWF

2024-07-11T07:26:00.225Z: Yello!Umaze kugura 500FRW(800MB) igura 500 RWF

2024-07-20T19:24:12.398Z: A reversal has been initiated for your transaction to Mediatrice UWAYISENGA (250788658286) with 3000 RWF.

2024-07-21T16:19:33.820Z: Yello!Umaze kugura 200Rwf(50MB) igura 200 RWF

2024-07-23T19:22:21.773Z: Yello!Umaze kugura 500FRW(800MB) igura 500 RWF

2024-07-25T22:10:44.405Z: Yello!Umaze kugura 2000Rwf(1.5GB) igura 2,000 RWF

2024-08-01T11:23:54.843Z: Yello!Umaze kugura 3000Frw=2500Mins+100SMS igura 3,000 RWF

2024-08-01T17:03:20.596Z: Yello!Umaze kugura 500FRW(800MB) igura 500 RWF

2024-08-03T14:42:20.291Z: Yello!Umaze kugura 1000Rwf(1GB) igura 1,000 RWF

2024-08-05T15:15:33.106Z: Yello!Umaze kugura 200Rwf(50MB) igura 200 RWF

2024-08-06T18:22:15.543Z: Yello!Umaze kugura 1,000FRW(2200MB) igura 1,000 RWF

2024-08-08T19:19:26.344Z: Yello!Umaze kugura 1,000FRW(2200MB) igura 1,000 RWF

2024-08-24T08:19:42.877Z: <#> Dear Customer, your MTN MoMo application one-time password is :2632.MTN MoMo does not recommend that you share or expose your one-time password with anyone. Be Vigilant. RdbS6eMOXvx N/RywfrtIZL>.

2024-08-24T08:23:39.552Z: <#> Dear Customer, your MTN MoMo application one-time password is :1827.MTN MoMo does not recommend that you share or expose your one-time password with anyone. Be Vigilant. RdbS6eMOXvx N/RywfrtIZL>.

2024-08-24T08:23:48.516Z: 1) 2024-08-23 DEPOSIT RWF 25000 Receiver: 250795963036 Sender:  Fee: RWF

2024-08-29T07:30:42.751Z: Yello!Umaze kugura 5,000FRW(7GB) igura 5,000 RWF

2024-09-11T13:44:05.327Z: Yello!Umaze kugura 3000Frw=2500Mins+100SMS igura 3,000 RWF

2024-09-18T12:17:20.309Z: Yello!Umaze kugura 5,000FRW(7GB) igura 5,000 RWF

2024-09-21T13:49:09.905Z: *143*R*Y'ello, the transaction with amount 14200 RWF for ESICIA LTD with message: 1734874172692585358074144 failed at 2024-09-21 15:49:01 .Please Contact MobileMoney HelpLine for Assistance.Thank you for using MTN MobileMoney.*EN#

2024-10-07T12:37:09.128Z: *143*S*Your transaction to Mediatrice UWAYISENGA (250788658286) with 3000 RWF has been reversed at 2024-10-07 14:37:00. Your new balance is 10312 RWF. .Thank you for using MTN MobileMoney.*EN#

2024-10-11T12:01:09.986Z: *143*R*Y'ello, the transaction with amount 11600 RWF for ESICIA LTD with message: 1763055172864732058074359 failed at 2024-10-11 14:00:00 .Please Contact MobileMoney HelpLine for Assistance.Thank you for using MTN MobileMoney.*EN#

2024-10-13T07:37:55.742Z: Yello!Umaze kugura 3000Frw=2500Mins+100SMS igura 3,000 RWF

2024-10-29T11:18:42.605Z: Your payment of 8000 RWF to Cynthia UMUGANWA (250790698110) has been completed at 2024-10-29 13:18:05. Message: . Your new balance: 36282 RWF. Fee was 0 RWF. The amount was subject to a discount of 0 RWF and coupons worth . Financial Transaction Id: 16519345888. External Transaction Id: -.

2024-10-29T21:54:47.453Z: Your payment of 8400 RWF to Dieudonne MUGIRANEZA (250789447277) has been completed at 2024-10-29 23:54:40. Message: . Your new balance: 16612 RWF. Fee was 0 RWF. The amount was subject to a discount of 0 RWF and coupons worth . Financial Transaction Id: 16530676798. External Transaction Id: -.

2024-11-12T21:47:54.295Z: *143*TxId:16803066185*S*Your payment of 5000 RWF to Bundles and Packs with token  has failed at 2024-11-12 23:47:47. Message: - -. *EN#

2024-11-12T21:49:47.075Z: *143*TxId:16803076383*S*Your payment of 5000 RWF to Bundles and Packs with token  has failed at 2024-11-12 23:49:39. Message: - -. *EN#

2024-11-13T12:45:31.319Z: Yello!Umaze kugura 2000Frw=1000Mins+50SMS igura 2,000 RWF

2024-12-13T14:30:14.722Z: Yello!Umaze kugura 3000Frw=2500Mins+100SMS igura 3,000 RWF

2025-01-13T12:43:07.153Z: Yello!Umaze kugura 3000Frw=2500Mins+100SMS igura 3,000 RWF